[2424:25604:2023-6-6 19:2:49.16] Main Start
[2424:25604:2023-6-6 19:2:49.16] Command line:"D:\Hing Learn\hinglearn\public\Zoom_cm_ds_mP3YYbWhNPN2rEHvi3yHlofj+EdkUkeuevuD3@ezcdkp+By1dAIkPS_k652cac00a8ae8292_.exe"  Instance:0x680000 Show State:1
[2424:25604:2023-6-6 19:2:49.189] D:\
[2424:18632:2023-6-6 19:2:49.214] [process_requst] start, url:https://zoom.us/conf/launch
[2424:18632:2023-6-6 19:2:57.892] [req_state_read_status_code] zHttpQueryInfo complete, status:200
[2424:18632:2023-6-6 19:2:57.892] [req_state_read_status_code] zHttpQueryInfo complete, status:200 Error: 0
[2424:18632:2023-6-6 19:2:57.892] [read_response_content] API call zHttpQueryInfo failed, error: 12150
[2424:18632:2023-6-6 19:2:57.894] [log_response_content] Content length (1048576 as unknown):1048576 , Total read: 1590 , Error No: 0 , Status code: 200
[2424:18632:2023-6-6 19:2:57.894] [log_response_content] header:
[2424:18632:2023-6-6 19:2:57.894] HTTP/1.1 200 OK
Date: Tue, 06 Jun 2023 13:32:58 GMT
Content-Type: text/plain;charset=utf-8
Transfer-Encoding: chunked
Connection: keep-alive
x-zm-trackingid: v=2.0;clid=aw1;rid=WEB_453b4ebf7b3c8508df3c3e17ee798627
x-content-type-options: nosniff
content-security-policy: upgrade-insecure-requests; default-src https://*.zoom.us https://zoom.us blob: 'self'; img-src https: about: blob: data: 'self'; style-src https: safari-extension: chrome-extension: 'unsafe-inline' data: 'self'; font-src https: safari-extension: chrome-extension: blob: data: 'self'; connect-src * about: blob: data: 'self'; media-src * rtmp: blob: data: 'self'; frame-src https: ms-appx-web: zoommtg: zoomus: wvjbscheme: data: blob: 'self'; object-src 'none'; base-uri 'none';
x-frame-options: SAMEORIGIN
set-cookie: zm_aid=""; Domain=.zoom.us; Expires=Thu, 01-Jan-1970 00:00:10 GMT; Path=/; Secure; HttpOnly
x-zm-zoneid: VA
strict-transport-security: max-age=31536000; includeSubDomains
x-xss-protection: 1; mode=block
referrer-policy: strict-origin-when-cross-origin
CF-Cache-Status: DYNAMIC
Set-Cookie: zm_haid=""; Domain=.zoom.us; Expires=Thu, 01-Jan-1970 00:00:10 GMT; Path=/; Secure; HttpOnly
Set-Cookie: zm_tmaid=""; Domain=.zoom.us; Expires=Thu, 01-Jan-1970 00:00:10 GMT; Path=/; Secure; HttpOnly
Set-Cookie: zm_htmaid=""; Domain=.zoom.us; Expires=Thu, 01-Jan-1970 00:00:10 GMT; Path=/; Secure; HttpOnly
Set-Cookie: cred=AB52AA25384592A8CD8CD7D903A05FF0; Path=/; Secure; HttpOnly
Set-Cookie: _zm_page_auth=aw1_c_cixpprywSjynp4i1YIeYoQ; Domain=.zoom.us; Path=/; Secure; HttpOnly
Set-Cookie: _zm_ssid=aw1_c_SoQh32SyT2adxeDVKhcfxA; Domain=.zoom.us; Path=/; Secure; HttpOnly
Set-Cookie: _zm_ctaid=EgONpnGCTduVAT8jI11zrA.1686058378438.b3394a19c01a28aedd621f1f05dbb0c7; Domain=.zoom.us; Expires=Tue, 06-Jun-2023 15:32:58 GMT; Path=/; Secure; HttpOnly
Set-Cookie: _zm_chtaid=991; Domain=.zoom.us; Expires=Tue, 06-Jun-2023 15:32:58 GMT; Path=/; Secure; HttpOnly
Set-Cookie: _zm_mtk_guid=51e2c9aeb4524064b4347260468f3ca6; Domain=.zoom.us; Expires=Thu, 05-Jun-2025 13:32:58 GMT; Path=/; Secure
Set-Cookie: __cf_bm=aYXBnGqw_aGWg7ajFJ.FP_6j67I2xHCZri2kPmNH0Iw-1686058378-0-AdGLO1IeCXVFItN+batKxQTgPL+ssF65/2h3OpovCf27mEZ0usdUpb4MQz4DutFspeSWKrexLHX9eUU6fYi80h4=; path=/; expires=Tue, 06-Jun-23 14:02:58 GMT; domain=.zoom.us; HttpOnly; Secure; SameSite=None
Report-To: {"endpoints":[{"url":"https:\/\/a.nel.cloudflare.com\/report\/v3?s=v%2FNQ%2BxwesFtrBinmiwFep8sUZry5VSVoegwCNZSCwmUXquaz41Zk5npk58CE4CjYQfUzl4Srz1WhhhMA%2B%2Bqr%2Bwy8DX%2BXbbzfmamgr7F6ZnCZ6n9SyTR6xYhLpdE4OC0IKblg780%3D"}],"group":"cf-nel","max_age":604800}
NEL: {"success_fraction":0.01,"report_to":"cf-nel","max_age":604800}
Server: cloudflare
CF-RAY: 7d3106404deb021f-SIN
alt-svc: h3=":443"; ma=86400


[2424:18632:2023-6-6 19:2:57.896] [process_requst] End for url:https://zoom.us/conf/launch, return code:200, Error:0, Response content size:1590
[2424:25604:2023-6-6 19:2:57.926] [client_has_installed_app] found path:
[2424:25604:2023-6-6 19:2:57.926]  ***NULL-POINTER-PLACEHOLDER***
[2424:25604:2023-6-6 19:2:57.926] [param_query_local_path] path is: C:\Users\arjun\AppData\Roaming\Zoom\ZoomDownload\ dir create response : 1 system error: 1008
[2424:25604:2023-6-6 19:2:57.926] [downloader_run] State:0
[2424:13160:2023-6-6 19:2:57.934] [process_requst] start, url:https://zoom.us/client/latest/Installer.exe?archType=x64
[2424:25604:2023-6-6 19:2:57.934] [client_has_installed_app] found path:
[2424:25604:2023-6-6 19:2:57.934]  ***NULL-POINTER-PLACEHOLDER***
[2424:13160:2023-6-6 19:3:0.660] [req_state_read_status_code] zHttpQueryInfo complete, status:200
[2424:13160:2023-6-6 19:3:0.660] [req_state_read_status_code] zHttpQueryInfo complete, status:200 Error: 0
[2424:13160:2023-6-6 19:3:2.673] [read_response_file] Status Code:200, content length: 1004352, total read: 1004352, error code: 0
[2424:13160:2023-6-6 19:3:2.675] [process_requst] End for url:https://zoom.us/client/latest/Installer.exe?archType=x64, return code:200, Error:0, Response content size:0
[2424:25604:2023-6-6 19:3:2.688] [handle_download_job_done] Index: 1 Curr index: 1 StatusCode: 200 Error: 0 Response is Empty. 
[2424:13160:2023-6-6 19:3:3.227] [process_requst] start, url:https://zoom.us/client/latest/Zoom.msi?archType=x64
[2424:13160:2023-6-6 19:3:4.588] [req_state_read_status_code] zHttpQueryInfo complete, status:200
[2424:13160:2023-6-6 19:3:4.588] [req_state_read_status_code] zHttpQueryInfo complete, status:200 Error: 0
[2424:13160:2023-6-6 19:9:19.258] [read_response_file] Status Code:200, content length: 32798990, total read: 32798990, error code: 0
[2424:13160:2023-6-6 19:9:19.258] [process_requst] End for url:https://zoom.us/client/latest/Zoom.msi?archType=x64, return code:200, Error:0, Response content size:0
[2424:25604:2023-6-6 19:9:19.305] [handle_download_job_done] Index: 2 Curr index: 2 StatusCode: 200 Error: 0 Response is Empty. 
[2424:25604:2023-6-6 19:9:19.438] C:\Users\arjun\AppData\Roaming\Zoom\ZoomDownload\Installer.exe
[2424:25604:2023-6-6 19:9:19.438] ZInstaller --conf.mode=silent --ipc_wnd=69652
[2424:25604:2023-6-6 19:9:21.27] [launch_silent_install] Installer process created, result:42
